<?xml version="1.0"?>
<doc>
    <assembly>
        <name>test-xml-024</name>
    </assembly>
    <members>
        <member name="T:Testing.Test">
            <!-- Include tag is invalid --><include/>
        </member>
        <member name="M:Testing.Test.Main">
            <!-- Include tag is invalid --><include file="a"/>
        </member>
        <member name="M:Testing.Test.Bar(System.Int32)">
            <!-- Include tag is invalid --><include path="/foo/bar"/>
        </member>
        <member name="M:Testing.Test.Baz(System.Int32)">
            <!-- Badly formed XML file "c:\cygwin\home\_\cvs\mcs\tests\there-is-no-such-file" cannot be included -->
        </member>
    </members>
</doc>
